<?xml version="1.0" encoding="UTF-8"?>
<testsuite hostname="jawad-VirtualBox" name="com.yahoo.ycsb.db.ElasticSearchClientTest" tests="5" failures="0" timestamp="5 Jan 2015 16:20:33 GMT" time="0.09" errors="0">
  <testcase name="testDelete" time="0.003" classname="com.yahoo.ycsb.db.ElasticSearchClientTest"/>
  <testcase name="testInsert" time="0.001" classname="com.yahoo.ycsb.db.ElasticSearchClientTest"/>
  <testcase name="testRead" time="0.001" classname="com.yahoo.ycsb.db.ElasticSearchClientTest"/>
  <testcase name="testScan" time="0.002" classname="com.yahoo.ycsb.db.ElasticSearchClientTest"/>
  <testcase name="testUpdate" time="0.001" classname="com.yahoo.ycsb.db.ElasticSearchClientTest"/>
</testsuite>
