<?xml version="1.0" encoding="UTF-8"?>
<testsuite hostname="s83-191-240-81.cust.tele2.se" name="com.yahoo.ycsb.db.ElasticSearchClientTest" tests="5" failures="0" timestamp="27 Nov 2014 20:48:59 GMT" time="0.056" errors="0">
  <testcase name="testDelete" time="0.0010" classname="com.yahoo.ycsb.db.ElasticSearchClientTest"/>
  <testcase name="testInsert" time="0.0010" classname="com.yahoo.ycsb.db.ElasticSearchClientTest"/>
  <testcase name="testRead" time="0.0010" classname="com.yahoo.ycsb.db.ElasticSearchClientTest"/>
  <testcase name="testScan" time="0.0010" classname="com.yahoo.ycsb.db.ElasticSearchClientTest"/>
  <testcase name="testUpdate" time="0.0" classname="com.yahoo.ycsb.db.ElasticSearchClientTest"/>
</testsuite>
