<?xml version="1.0" encoding="UTF-8"?>
<testng-results skipped="5" failed="0" total="5" passed="0">
  <reporter-output>
  </reporter-output>
  <suite name="Command line suite" duration-ms="33" started-at="2014-10-13T21:10:09Z" finished-at="2014-10-13T21:10:09Z">
    <groups>
    </groups>
    <test name="Command line test" duration-ms="33" started-at="2014-10-13T21:10:09Z" finished-at="2014-10-13T21:10:09Z">
      <class name="com.yahoo.ycsb.db.ElasticSearchClientTest">
        <test-method status="FAIL" signature="setUpClass()" name="setUpClass" is-config="true" duration-ms="0" started-at="2014-10-13T21:10:09Z" finished-at="2014-10-13T21:10:09Z">
          <exception class="java.lang.UnsupportedClassVersionError">
            <message>
              <![CDATA[com/kth/csd/utils/Logger : Unsupported major.minor version 51.0]]>
            </message>
            <full-stacktrace>
              <![CDATA[java.lang.UnsupportedClassVersionError: com/kth/csd/utils/Logger : Unsupported major.minor version 51.0
	at java.lang.ClassLoader.defineClass1(Native Method)
	at java.lang.ClassLoader.defineClassCond(ClassLoader.java:637)
	at java.lang.ClassLoader.defineClass(ClassLoader.java:621)
	at java.security.SecureClassLoader.defineClass(SecureClassLoader.java:141)
	at java.net.URLClassLoader.defineClass(URLClassLoader.java:283)
	at java.net.URLClassLoader.access$000(URLClassLoader.java:58)
	at java.net.URLClassLoader$1.run(URLClassLoader.java:197)
	at java.security.AccessController.doPrivileged(Native Method)
	at java.net.URLClassLoader.findClass(URLClassLoader.java:190)
	at java.lang.ClassLoader.loadClass(ClassLoader.java:306)
	at sun.misc.Launcher$AppClassLoader.loadClass(Launcher.java:301)
	at java.lang.ClassLoader.loadClass(ClassLoader.java:247)
	at com.yahoo.ycsb.db.ElasticSearchClient.init(ElasticSearchClient.java:28)
	at com.yahoo.ycsb.db.ElasticSearchClientTest.setUpClass(ElasticSearchClientTest.java:42)
	at sun.reflect.NativeMethodAccessorImpl.invoke0(Native Method)
	at sun.reflect.NativeMethodAccessorImpl.invoke(NativeMethodAccessorImpl.java:39)
	at sun.reflect.DelegatingMethodAccessorImpl.invoke(DelegatingMethodAccessorImpl.java:25)
	at java.lang.reflect.Method.invoke(Method.java:597)
	at org.testng.internal.MethodInvocationHelper.invokeMethod(MethodInvocationHelper.java:80)
	at org.testng.internal.Invoker.invokeConfigurationMethod(Invoker.java:525)
	at org.testng.internal.Invoker.invokeConfigurations(Invoker.java:202)
	at org.testng.internal.Invoker.invokeConfigurations(Invoker.java:130)
	at org.testng.internal.TestMethodWorker.invokeBeforeClassMethods(TestMethodWorker.java:173)
	at org.testng.internal.TestMethodWorker.run(TestMethodWorker.java:105)
	at org.testng.TestRunner.runWorkers(TestRunner.java:1178)
	at org.testng.TestRunner.privateRun(TestRunner.java:757)
	at org.testng.TestRunner.run(TestRunner.java:608)
	at org.testng.SuiteRunner.runTest(SuiteRunner.java:334)
	at org.testng.SuiteRunner.runSequentially(SuiteRunner.java:329)
	at org.testng.SuiteRunner.privateRun(SuiteRunner.java:291)
	at org.testng.SuiteRunner.run(SuiteRunner.java:240)
	at org.testng.SuiteRunnerWorker.runSuite(SuiteRunnerWorker.java:52)
	at org.testng.SuiteRunnerWorker.run(SuiteRunnerWorker.java:86)
	at org.testng.TestNG.runSuitesSequentially(TestNG.java:1158)
	at org.testng.TestNG.runSuitesLocally(TestNG.java:1083)
	at org.testng.TestNG.run(TestNG.java:999)
	at org.infinitest.testrunner.JUnit4Runner.runTestNGTest(JUnit4Runner.java:77)
	at org.infinitest.testrunner.JUnit4Runner.runTest(JUnit4Runner.java:57)
	at org.infinitest.testrunner.TestRunnerProcess.runTest(TestRunnerProcess.java:70)
	at org.infinitest.testrunner.TestRunnerProcess.writeTestResultToOutputStream(TestRunnerProcess.java:112)
	at org.infinitest.testrunner.TestRunnerProcess.main(TestRunnerProcess.java:89)
]]>
            </full-stacktrace>
          </exception>
        </test-method>
        <test-method status="SKIP" signature="tearDown()" name="tearDown" is-config="true" duration-ms="0" started-at="2014-10-13T21:10:09Z" finished-at="2014-10-13T21:10:09Z">
        </test-method>
        <test-method status="SKIP" signature="setUp()" name="setUp" is-config="true" duration-ms="0" started-at="2014-10-13T21:10:09Z" finished-at="2014-10-13T21:10:09Z">
        </test-method>
        <test-method status="SKIP" signature="testDelete()" name="testDelete" duration-ms="0" started-at="2014-10-13T21:10:09Z" finished-at="2014-10-13T21:10:09Z">
        </test-method>
        <test-method status="SKIP" signature="testInsert()" name="testInsert" duration-ms="0" started-at="2014-10-13T21:10:09Z" finished-at="2014-10-13T21:10:09Z">
        </test-method>
        <test-method status="SKIP" signature="tearDown()" name="tearDown" is-config="true" duration-ms="0" started-at="2014-10-13T21:10:09Z" finished-at="2014-10-13T21:10:09Z">
        </test-method>
        <test-method status="SKIP" signature="setUp()" name="setUp" is-config="true" duration-ms="0" started-at="2014-10-13T21:10:09Z" finished-at="2014-10-13T21:10:09Z">
        </test-method>
        <test-method status="SKIP" signature="testRead()" name="testRead" duration-ms="1" started-at="2014-10-13T21:10:09Z" finished-at="2014-10-13T21:10:09Z">
        </test-method>
        <test-method status="SKIP" signature="setUp()" name="setUp" is-config="true" duration-ms="0" started-at="2014-10-13T21:10:09Z" finished-at="2014-10-13T21:10:09Z">
        </test-method>
        <test-method status="SKIP" signature="tearDown()" name="tearDown" is-config="true" duration-ms="0" started-at="2014-10-13T21:10:09Z" finished-at="2014-10-13T21:10:09Z">
        </test-method>
        <test-method status="SKIP" signature="testScan()" name="testScan" duration-ms="0" started-at="2014-10-13T21:10:09Z" finished-at="2014-10-13T21:10:09Z">
        </test-method>
        <test-method status="SKIP" signature="setUp()" name="setUp" is-config="true" duration-ms="0" started-at="2014-10-13T21:10:09Z" finished-at="2014-10-13T21:10:09Z">
        </test-method>
        <test-method status="SKIP" signature="tearDown()" name="tearDown" is-config="true" duration-ms="0" started-at="2014-10-13T21:10:09Z" finished-at="2014-10-13T21:10:09Z">
        </test-method>
        <test-method status="SKIP" signature="setUp()" name="setUp" is-config="true" duration-ms="0" started-at="2014-10-13T21:10:09Z" finished-at="2014-10-13T21:10:09Z">
        </test-method>
        <test-method status="SKIP" signature="testUpdate()" name="testUpdate" duration-ms="1" started-at="2014-10-13T21:10:09Z" finished-at="2014-10-13T21:10:09Z">
        </test-method>
        <test-method status="SKIP" signature="tearDownClass()" name="tearDownClass" is-config="true" duration-ms="0" started-at="2014-10-13T21:10:09Z" finished-at="2014-10-13T21:10:09Z">
        </test-method>
        <test-method status="SKIP" signature="tearDown()" name="tearDown" is-config="true" duration-ms="0" started-at="2014-10-13T21:10:09Z" finished-at="2014-10-13T21:10:09Z">
        </test-method>
      </class>
    </test>
  </suite>
</testng-results>
