<?xml version="1.0" encoding="UTF-8"?>
<testng-results skipped="0" failed="0" total="1" passed="1">
  <reporter-output>
  </reporter-output>
  <suite name="Command line suite" duration-ms="26" started-at="2014-10-12T21:44:48Z" finished-at="2014-10-12T21:44:48Z">
    <groups>
    </groups>
    <test name="Command line test" duration-ms="26" started-at="2014-10-12T21:44:48Z" finished-at="2014-10-12T21:44:48Z">
      <class name="com.yahoo.ycsb.TestByteIterator">
        <test-method status="PASS" signature="testRandomByteIterator()" name="testRandomByteIterator" duration-ms="11" started-at="2014-10-12T21:44:48Z" finished-at="2014-10-12T21:44:48Z">
        </test-method>
      </class>
    </test>
  </suite>
</testng-results>
